<?xml version="1.0" encoding="UTF-8"?>
<!-- Generated by org.testng.reporters.JUnitXMLReporter -->
<testsuite hostname="L-SB8L0AYFFT-M" ignored="1" name="Test1" tests="2" failures="0" timestamp="12 Mar 2019 03:55:27 GMT" time="17.351" errors="0">
  <testcase name="googleSearch" time="2.906" classname="test.TestNG_Demo"/>
  <testcase name="googleSearch3" time="2.905" classname="test.TestNG_Demo2"/>
  <testcase name="googleSearch2" time="0.0" classname="test.TestNG_Demo2">
    <ignored/>
  </testcase> <!-- googleSearch2 -->
</testsuite> <!-- Test1 -->
